#
# There is insufficient memory for the Java Runtime Environment to continue.
# Native memory allocation (malloc) failed to allocate 350896 bytes for Chunk::new
# Possible reasons:
#   The system is out of physical RAM or swap space
#   The process is running with CompressedOops enabled, and the Java Heap may be blocking the growth of the native heap
# Possible solutions:
#   Reduce memory load on the system
#   Increase physical memory or swap space
#   Check if swap backing store is full
#   Decrease Java heap size (-Xmx/-Xms)
#   Decrease number of Java threads
#   Decrease Java thread stack sizes (-Xss)
#   Set larger code cache with -XX:ReservedCodeCacheSize=
#   JVM is running with Unscaled Compressed Oops mode in which the Java heap is
#     placed in the first 4GB address space. The Java Heap base address is the
#     maximum limit for the native heap growth. Please use -XX:HeapBaseMinAddress
#     to set the Java Heap base and to place the Java Heap above 4GB virtual address.
# This output file may be truncated or incomplete.
#
#  Out of Memory Error (./src/hotspot/share/memory/arena.cpp:197), pid=18348, tid=62076
#
# JRE version: OpenJDK Runtime Environment JBR-11.0.13.8-1504.49-jcef (11.0.13+8) (build 11.0.13+8-b1504.49)
# Java VM: OpenJDK 64-Bit Server VM JBR-11.0.13.8-1504.49-jcef (11.0.13+8-b1504.49, mixed mode, tiered, compressed oops, g1 gc, windows-amd64)
# No core dump will be written. Minidumps are not enabled by default on client versions of Windows
#

---------------  S U M M A R Y ------------

Command Line: -ea -Didea.test.cyclic.buffer.size=1048576 -javaagent:C:\Program Files\JetBrains\IntelliJ IDEA Community Edition 2021.1\lib\idea_rt.jar=62393:C:\Program Files\JetBrains\IntelliJ IDEA Community Edition 2021.1\bin -Dfile.encoding=UTF-8 com.intellij.rt.testng.RemoteTestNGStarter -usedefaultlisteners false -socket62392 @w@C:\Users\avrah\AppData\Local\Temp\idea_working_dirs_testng.tmp -temp C:\Users\avrah\AppData\Local\Temp\idea_testng.tmp

Host: Intel(R) Core(TM) i5-8250U CPU @ 1.60GHz, 8 cores, 7G,  Windows 10 , 64 bit Build 22000 (10.0.22000.434)
Time: Wed Feb 16 15:03:52 2022 Западная Европа (зима) elapsed time: 2.007596 seconds (0d 0h 0m 2s)

---------------  T H R E A D  ---------------

Current thread (0x0000020f6f08a000):  JavaThread "C2 CompilerThread0" daemon [_thread_in_native, id=62076, stack(0x0000006a2bf00000,0x0000006a2c000000)]


Current CompileTask:
C2:   2007 1471       4       java.io.WinNTFileSystem::normalize (143 bytes)

Stack: [0x0000006a2bf00000,0x0000006a2c000000]
Native frames: (J=compiled Java code, j=interpreted, Vv=VM code, C=native code)
V  [jvm.dll+0x6131fa]
V  [jvm.dll+0x798f40]
V  [jvm.dll+0x79a55d]
V  [jvm.dll+0x79ac33]
V  [jvm.dll+0x24c038]
V  [jvm.dll+0xc107c]
V  [jvm.dll+0xc15ac]
V  [jvm.dll+0x36048d]
V  [jvm.dll+0x32d223]
V  [jvm.dll+0x32c71a]
V  [jvm.dll+0x204882]
V  [jvm.dll+0x203a07]
V  [jvm.dll+0x18af11]
V  [jvm.dll+0x21273b]
V  [jvm.dll+0x210f91]
V  [jvm.dll+0x75fdef]
V  [jvm.dll+0x7589f5]
V  [jvm.dll+0x6120f6]
C  [ucrtbase.dll+0x26c0c]
C  [KERNEL32.DLL+0x154e0]
C  [ntdll.dll+0x485b]


---------------  P R O C E S S  ---------------

Threads class SMR info:
_java_thread_list=0x0000020f708f7950, length=13, elements={
0x0000020f52372000, 0x0000020f6e81d800, 0x0000020f6e813800, 0x0000020f6f077800,
0x0000020f6f078000, 0x0000020f6f07b000, 0x0000020f6f08a000, 0x0000020f6f08d000,
0x0000020f6f08f000, 0x0000020f6f1e7000, 0x0000020f6f42e800, 0x0000020f6f22e800,
0x0000020f6ff47800
}

Java Threads: ( => current thread )
  0x0000020f52372000 JavaThread "main" [_thread_in_Java, id=1844, stack(0x0000006a2b300000,0x0000006a2b400000)]
  0x0000020f6e81d800 JavaThread "Reference Handler" daemon [_thread_blocked, id=46720, stack(0x0000006a2ba00000,0x0000006a2bb00000)]
  0x0000020f6e813800 JavaThread "Finalizer" daemon [_thread_blocked, id=37472, stack(0x0000006a2bb00000,0x0000006a2bc00000)]
  0x0000020f6f077800 JavaThread "Signal Dispatcher" daemon [_thread_blocked, id=54788, stack(0x0000006a2bc00000,0x0000006a2bd00000)]
  0x0000020f6f078000 JavaThread "Attach Listener" daemon [_thread_blocked, id=17608, stack(0x0000006a2bd00000,0x0000006a2be00000)]
  0x0000020f6f07b000 JavaThread "Service Thread" daemon [_thread_blocked, id=51816, stack(0x0000006a2be00000,0x0000006a2bf00000)]
=>0x0000020f6f08a000 JavaThread "C2 CompilerThread0" daemon [_thread_in_native, id=62076, stack(0x0000006a2bf00000,0x0000006a2c000000)]
  0x0000020f6f08d000 JavaThread "C1 CompilerThread0" daemon [_thread_blocked, id=47184, stack(0x0000006a2c000000,0x0000006a2c100000)]
  0x0000020f6f08f000 JavaThread "Sweeper thread" daemon [_thread_blocked, id=43316, stack(0x0000006a2c100000,0x0000006a2c200000)]
  0x0000020f6f1e7000 JavaThread "Common-Cleaner" daemon [_thread_blocked, id=59172, stack(0x0000006a2c200000,0x0000006a2c300000)]
  0x0000020f6f42e800 JavaThread "Monitor Ctrl-Break" daemon [_thread_in_native, id=16632, stack(0x0000006a2c400000,0x0000006a2c500000)]
  0x0000020f6f22e800 JavaThread "C2 CompilerThread1" daemon [_thread_blocked, id=59504, stack(0x0000006a2c300000,0x0000006a2c400000)]
  0x0000020f6ff47800 JavaThread "ForkJoinPool.commonPool-worker-3" daemon [_thread_blocked, id=44424, stack(0x0000006a2c800000,0x0000006a2c900000)]

Other Threads:
  0x0000020f6f030800 VMThread "VM Thread" [stack: 0x0000006a2b900000,0x0000006a2ba00000] [id=49336]
  0x0000020f6f336000 WatcherThread [stack: 0x0000006a2c500000,0x0000006a2c600000] [id=57992]
  0x0000020f52389000 GCTaskThread "GC Thread#0" [stack: 0x0000006a2b400000,0x0000006a2b500000] [id=40548]
  0x0000020f700cb800 GCTaskThread "GC Thread#1" [stack: 0x0000006a2c600000,0x0000006a2c700000] [id=52324]
  0x0000020f701f9800 GCTaskThread "GC Thread#2" [stack: 0x0000006a2c700000,0x0000006a2c800000] [id=45044]
  0x0000020f523ba000 ConcurrentGCThread "G1 Main Marker" [stack: 0x0000006a2b500000,0x0000006a2b600000] [id=56176]
  0x0000020f523be800 ConcurrentGCThread "G1 Conc#0" [stack: 0x0000006a2b600000,0x0000006a2b700000] [id=62092]
  0x0000020f6e652800 ConcurrentGCThread "G1 Refine#0" [stack: 0x0000006a2b700000,0x0000006a2b800000] [id=60676]
  0x0000020f6e653000 ConcurrentGCThread "G1 Young RemSet Sampling" [stack: 0x0000006a2b800000,0x0000006a2b900000] [id=41160]

Threads with active compile tasks:
C2 CompilerThread0   2038 1471       4       java.io.WinNTFileSystem::normalize (143 bytes)

VM state:not at safepoint (normal execution)

VM Mutex/Monitor currently owned by a thread: None

Heap address: 0x0000000081c00000, size: 2020 MB, Compressed Oops mode: 32-bit
Narrow klass base: 0x0000000000000000, Narrow klass shift: 3
Compressed class space size: 1073741824 Address: 0x0000000100000000

Heap:
 garbage-first heap   total 131072K, used 40594K [0x0000000081c00000, 0x0000000100000000)
  region size 1024K, 39 young (39936K), 3 survivors (3072K)
 Metaspace       used 17409K, capacity 17876K, committed 17920K, reserved 1064960K
  class space    used 1864K, capacity 2033K, committed 2048K, reserved 1048576K
Heap Regions: E=young(eden), S=young(survivor), O=old, HS=humongous(starts), HC=humongous(continues), CS=collection set, F=free, A=archive, TAMS=top-at-mark-start (previous, next)
|   0|0x0000000081c00000, 0x0000000081d00000, 0x0000000081d00000|100%| O|  |TAMS 0x0000000081c00000, 0x0000000081c00000| Untracked 
|   1|0x0000000081d00000, 0x0000000081da4a00, 0x0000000081e00000| 64%| O|  |TAMS 0x0000000081d00000, 0x0000000081d00000| Untracked 
|   2|0x0000000081e00000, 0x0000000081e00000, 0x0000000081f00000|  0%| F|  |TAMS 0x0000000081e00000, 0x0000000081e00000| Untracked 
|   3|0x0000000081f00000, 0x0000000081f00000, 0x0000000082000000|  0%| F|  |TAMS 0x0000000081f00000, 0x0000000081f00000| Untracked 
|   4|0x0000000082000000, 0x0000000082000000, 0x0000000082100000|  0%| F|  |TAMS 0x0000000082000000, 0x0000000082000000| Untracked 
|   5|0x0000000082100000, 0x0000000082100000, 0x0000000082200000|  0%| F|  |TAMS 0x0000000082100000, 0x0000000082100000| Untracked 
|   6|0x0000000082200000, 0x0000000082200000, 0x0000000082300000|  0%| F|  |TAMS 0x0000000082200000, 0x0000000082200000| Untracked 
|   7|0x0000000082300000, 0x0000000082300000, 0x0000000082400000|  0%| F|  |TAMS 0x0000000082300000, 0x0000000082300000| Untracked 
|   8|0x0000000082400000, 0x0000000082400000, 0x0000000082500000|  0%| F|  |TAMS 0x0000000082400000, 0x0000000082400000| Untracked 
|   9|0x0000000082500000, 0x0000000082500000, 0x0000000082600000|  0%| F|  |TAMS 0x0000000082500000, 0x0000000082500000| Untracked 
|  10|0x0000000082600000, 0x0000000082600000, 0x0000000082700000|  0%| F|  |TAMS 0x0000000082600000, 0x0000000082600000| Untracked 
|  11|0x0000000082700000, 0x0000000082700000, 0x0000000082800000|  0%| F|  |TAMS 0x0000000082700000, 0x0000000082700000| Untracked 
|  12|0x0000000082800000, 0x0000000082800000, 0x0000000082900000|  0%| F|  |TAMS 0x0000000082800000, 0x0000000082800000| Untracked 
|  13|0x0000000082900000, 0x0000000082900000, 0x0000000082a00000|  0%| F|  |TAMS 0x0000000082900000, 0x0000000082900000| Untracked 
|  14|0x0000000082a00000, 0x0000000082a00000, 0x0000000082b00000|  0%| F|  |TAMS 0x0000000082a00000, 0x0000000082a00000| Untracked 
|  15|0x0000000082b00000, 0x0000000082b00000, 0x0000000082c00000|  0%| F|  |TAMS 0x0000000082b00000, 0x0000000082b00000| Untracked 
|  16|0x0000000082c00000, 0x0000000082c00000, 0x0000000082d00000|  0%| F|  |TAMS 0x0000000082c00000, 0x0000000082c00000| Untracked 
|  17|0x0000000082d00000, 0x0000000082d00000, 0x0000000082e00000|  0%| F|  |TAMS 0x0000000082d00000, 0x0000000082d00000| Untracked 
|  18|0x0000000082e00000, 0x0000000082e00000, 0x0000000082f00000|  0%| F|  |TAMS 0x0000000082e00000, 0x0000000082e00000| Untracked 
|  19|0x0000000082f00000, 0x0000000082f00000, 0x0000000083000000|  0%| F|  |TAMS 0x0000000082f00000, 0x0000000082f00000| Untracked 
|  20|0x0000000083000000, 0x0000000083000000, 0x0000000083100000|  0%| F|  |TAMS 0x0000000083000000, 0x0000000083000000| Untracked 
|  21|0x0000000083100000, 0x0000000083100000, 0x0000000083200000|  0%| F|  |TAMS 0x0000000083100000, 0x0000000083100000| Untracked 
|  22|0x0000000083200000, 0x0000000083200000, 0x0000000083300000|  0%| F|  |TAMS 0x0000000083200000, 0x0000000083200000| Untracked 
|  23|0x0000000083300000, 0x0000000083300000, 0x0000000083400000|  0%| F|  |TAMS 0x0000000083300000, 0x0000000083300000| Untracked 
|  24|0x0000000083400000, 0x0000000083400000, 0x0000000083500000|  0%| F|  |TAMS 0x0000000083400000, 0x0000000083400000| Untracked 
|  25|0x0000000083500000, 0x0000000083500000, 0x0000000083600000|  0%| F|  |TAMS 0x0000000083500000, 0x0000000083500000| Untracked 
|  26|0x0000000083600000, 0x0000000083600000, 0x0000000083700000|  0%| F|  |TAMS 0x0000000083600000, 0x0000000083600000| Untracked 
|  27|0x0000000083700000, 0x0000000083700000, 0x0000000083800000|  0%| F|  |TAMS 0x0000000083700000, 0x0000000083700000| Untracked 
|  28|0x0000000083800000, 0x0000000083800000, 0x0000000083900000|  0%| F|  |TAMS 0x0000000083800000, 0x0000000083800000| Untracked 
|  29|0x0000000083900000, 0x0000000083900000, 0x0000000083a00000|  0%| F|  |TAMS 0x0000000083900000, 0x0000000083900000| Untracked 
|  30|0x0000000083a00000, 0x0000000083a00000, 0x0000000083b00000|  0%| F|  |TAMS 0x0000000083a00000, 0x0000000083a00000| Untracked 
|  31|0x0000000083b00000, 0x0000000083b00000, 0x0000000083c00000|  0%| F|  |TAMS 0x0000000083b00000, 0x0000000083b00000| Untracked 
|  32|0x0000000083c00000, 0x0000000083c00000, 0x0000000083d00000|  0%| F|  |TAMS 0x0000000083c00000, 0x0000000083c00000| Untracked 
|  33|0x0000000083d00000, 0x0000000083d00000, 0x0000000083e00000|  0%| F|  |TAMS 0x0000000083d00000, 0x0000000083d00000| Untracked 
|  34|0x0000000083e00000, 0x0000000083e00000, 0x0000000083f00000|  0%| F|  |TAMS 0x0000000083e00000, 0x0000000083e00000| Untracked 
|  35|0x0000000083f00000, 0x0000000083f00000, 0x0000000084000000|  0%| F|  |TAMS 0x0000000083f00000, 0x0000000083f00000| Untracked 
|  36|0x0000000084000000, 0x0000000084000000, 0x0000000084100000|  0%| F|  |TAMS 0x0000000084000000, 0x0000000084000000| Untracked 
|  37|0x0000000084100000, 0x0000000084100000, 0x0000000084200000|  0%| F|  |TAMS 0x0000000084100000, 0x0000000084100000| Untracked 
|  38|0x0000000084200000, 0x0000000084200000, 0x0000000084300000|  0%| F|  |TAMS 0x0000000084200000, 0x0000000084200000| Untracked 
|  39|0x0000000084300000, 0x0000000084300000, 0x0000000084400000|  0%| F|  |TAMS 0x0000000084300000, 0x0000000084300000| Untracked 
|  40|0x0000000084400000, 0x0000000084400000, 0x0000000084500000|  0%| F|  |TAMS 0x0000000084400000, 0x0000000084400000| Untracked 
|  41|0x0000000084500000, 0x0000000084500000, 0x0000000084600000|  0%| F|  |TAMS 0x0000000084500000, 0x0000000084500000| Untracked 
|  42|0x0000000084600000, 0x0000000084600000, 0x0000000084700000|  0%| F|  |TAMS 0x0000000084600000, 0x0000000084600000| Untracked 
|  43|0x0000000084700000, 0x0000000084700000, 0x0000000084800000|  0%| F|  |TAMS 0x0000000084700000, 0x0000000084700000| Untracked 
|  44|0x0000000084800000, 0x0000000084800000, 0x0000000084900000|  0%| F|  |TAMS 0x0000000084800000, 0x0000000084800000| Untracked 
|  45|0x0000000084900000, 0x0000000084900000, 0x0000000084a00000|  0%| F|  |TAMS 0x0000000084900000, 0x0000000084900000| Untracked 
|  46|0x0000000084a00000, 0x0000000084a00000, 0x0000000084b00000|  0%| F|  |TAMS 0x0000000084a00000, 0x0000000084a00000| Untracked 
|  47|0x0000000084b00000, 0x0000000084b00000, 0x0000000084c00000|  0%| F|  |TAMS 0x0000000084b00000, 0x0000000084b00000| Untracked 
|  48|0x0000000084c00000, 0x0000000084c00000, 0x0000000084d00000|  0%| F|  |TAMS 0x0000000084c00000, 0x0000000084c00000| Untracked 
|  49|0x0000000084d00000, 0x0000000084d00000, 0x0000000084e00000|  0%| F|  |TAMS 0x0000000084d00000, 0x0000000084d00000| Untracked 
|  50|0x0000000084e00000, 0x0000000084e00000, 0x0000000084f00000|  0%| F|  |TAMS 0x0000000084e00000, 0x0000000084e00000| Untracked 
|  51|0x0000000084f00000, 0x0000000084f00000, 0x0000000085000000|  0%| F|  |TAMS 0x0000000084f00000, 0x0000000084f00000| Untracked 
|  52|0x0000000085000000, 0x0000000085000000, 0x0000000085100000|  0%| F|  |TAMS 0x0000000085000000, 0x0000000085000000| Untracked 
|  53|0x0000000085100000, 0x0000000085100000, 0x0000000085200000|  0%| F|  |TAMS 0x0000000085100000, 0x0000000085100000| Untracked 
|  54|0x0000000085200000, 0x0000000085200000, 0x0000000085300000|  0%| F|  |TAMS 0x0000000085200000, 0x0000000085200000| Untracked 
|  55|0x0000000085300000, 0x0000000085300000, 0x0000000085400000|  0%| F|  |TAMS 0x0000000085300000, 0x0000000085300000| Untracked 
|  56|0x0000000085400000, 0x0000000085400000, 0x0000000085500000|  0%| F|  |TAMS 0x0000000085400000, 0x0000000085400000| Untracked 
|  57|0x0000000085500000, 0x0000000085500000, 0x0000000085600000|  0%| F|  |TAMS 0x0000000085500000, 0x0000000085500000| Untracked 
|  58|0x0000000085600000, 0x0000000085600000, 0x0000000085700000|  0%| F|  |TAMS 0x0000000085600000, 0x0000000085600000| Untracked 
|  59|0x0000000085700000, 0x0000000085700000, 0x0000000085800000|  0%| F|  |TAMS 0x0000000085700000, 0x0000000085700000| Untracked 
|  60|0x0000000085800000, 0x0000000085800000, 0x0000000085900000|  0%| F|  |TAMS 0x0000000085800000, 0x0000000085800000| Untracked 
|  61|0x0000000085900000, 0x0000000085900000, 0x0000000085a00000|  0%| F|  |TAMS 0x0000000085900000, 0x0000000085900000| Untracked 
|  62|0x0000000085a00000, 0x0000000085a00000, 0x0000000085b00000|  0%| F|  |TAMS 0x0000000085a00000, 0x0000000085a00000| Untracked 
|  63|0x0000000085b00000, 0x0000000085b00000, 0x0000000085c00000|  0%| F|  |TAMS 0x0000000085b00000, 0x0000000085b00000| Untracked 
|  64|0x0000000085c00000, 0x0000000085c00000, 0x0000000085d00000|  0%| F|  |TAMS 0x0000000085c00000, 0x0000000085c00000| Untracked 
|  65|0x0000000085d00000, 0x0000000085d00000, 0x0000000085e00000|  0%| F|  |TAMS 0x0000000085d00000, 0x0000000085d00000| Untracked 
|  66|0x0000000085e00000, 0x0000000085e00000, 0x0000000085f00000|  0%| F|  |TAMS 0x0000000085e00000, 0x0000000085e00000| Untracked 
|  67|0x0000000085f00000, 0x0000000085f00000, 0x0000000086000000|  0%| F|  |TAMS 0x0000000085f00000, 0x0000000085f00000| Untracked 
|  68|0x0000000086000000, 0x0000000086000000, 0x0000000086100000|  0%| F|  |TAMS 0x0000000086000000, 0x0000000086000000| Untracked 
|  69|0x0000000086100000, 0x0000000086100000, 0x0000000086200000|  0%| F|  |TAMS 0x0000000086100000, 0x0000000086100000| Untracked 
|  70|0x0000000086200000, 0x0000000086200000, 0x0000000086300000|  0%| F|  |TAMS 0x0000000086200000, 0x0000000086200000| Untracked 
|  71|0x0000000086300000, 0x0000000086300000, 0x0000000086400000|  0%| F|  |TAMS 0x0000000086300000, 0x0000000086300000| Untracked 
|  72|0x0000000086400000, 0x0000000086400000, 0x0000000086500000|  0%| F|  |TAMS 0x0000000086400000, 0x0000000086400000| Untracked 
|  73|0x0000000086500000, 0x0000000086500000, 0x0000000086600000|  0%| F|  |TAMS 0x0000000086500000, 0x0000000086500000| Untracked 
|  74|0x0000000086600000, 0x0000000086600000, 0x0000000086700000|  0%| F|  |TAMS 0x0000000086600000, 0x0000000086600000| Untracked 
|  75|0x0000000086700000, 0x0000000086700000, 0x0000000086800000|  0%| F|  |TAMS 0x0000000086700000, 0x0000000086700000| Untracked 
|  76|0x0000000086800000, 0x0000000086800000, 0x0000000086900000|  0%| F|  |TAMS 0x0000000086800000, 0x0000000086800000| Untracked 
|  77|0x0000000086900000, 0x0000000086900000, 0x0000000086a00000|  0%| F|  |TAMS 0x0000000086900000, 0x0000000086900000| Untracked 
|  78|0x0000000086a00000, 0x0000000086a00000, 0x0000000086b00000|  0%| F|  |TAMS 0x0000000086a00000, 0x0000000086a00000| Untracked 
|  79|0x0000000086b00000, 0x0000000086b00000, 0x0000000086c00000|  0%| F|  |TAMS 0x0000000086b00000, 0x0000000086b00000| Untracked 
|  80|0x0000000086c00000, 0x0000000086c00000, 0x0000000086d00000|  0%| F|  |TAMS 0x0000000086c00000, 0x0000000086c00000| Untracked 
|  81|0x0000000086d00000, 0x0000000086d00000, 0x0000000086e00000|  0%| F|  |TAMS 0x0000000086d00000, 0x0000000086d00000| Untracked 
|  82|0x0000000086e00000, 0x0000000086e00000, 0x0000000086f00000|  0%| F|  |TAMS 0x0000000086e00000, 0x0000000086e00000| Untracked 
|  83|0x0000000086f00000, 0x0000000086f00000, 0x0000000087000000|  0%| F|  |TAMS 0x0000000086f00000, 0x0000000086f00000| Untracked 
|  84|0x0000000087000000, 0x0000000087000000, 0x0000000087100000|  0%| F|  |TAMS 0x0000000087000000, 0x0000000087000000| Untracked 
|  85|0x0000000087100000, 0x0000000087100000, 0x0000000087200000|  0%| F|  |TAMS 0x0000000087100000, 0x0000000087100000| Untracked 
|  86|0x0000000087200000, 0x0000000087200000, 0x0000000087300000|  0%| F|  |TAMS 0x0000000087200000, 0x0000000087200000| Untracked 
|  87|0x0000000087300000, 0x0000000087300000, 0x0000000087400000|  0%| F|  |TAMS 0x0000000087300000, 0x0000000087300000| Untracked 
|  88|0x0000000087400000, 0x0000000087400000, 0x0000000087500000|  0%| F|  |TAMS 0x0000000087400000, 0x0000000087400000| Untracked 
|  89|0x0000000087500000, 0x0000000087600000, 0x0000000087600000|100%| E|  |TAMS 0x0000000087500000, 0x0000000087500000| Complete 
|  90|0x0000000087600000, 0x0000000087700000, 0x0000000087700000|100%| E|CS|TAMS 0x0000000087600000, 0x0000000087600000| Complete 
|  91|0x0000000087700000, 0x0000000087800000, 0x0000000087800000|100%| E|CS|TAMS 0x0000000087700000, 0x0000000087700000| Complete 
|  92|0x0000000087800000, 0x0000000087900000, 0x0000000087900000|100%| E|CS|TAMS 0x0000000087800000, 0x0000000087800000| Complete 
|  93|0x0000000087900000, 0x0000000087a00000, 0x0000000087a00000|100%| E|CS|TAMS 0x0000000087900000, 0x0000000087900000| Complete 
|  94|0x0000000087a00000, 0x0000000087b00000, 0x0000000087b00000|100%| E|CS|TAMS 0x0000000087a00000, 0x0000000087a00000| Complete 
|  95|0x0000000087b00000, 0x0000000087c00000, 0x0000000087c00000|100%| E|CS|TAMS 0x0000000087b00000, 0x0000000087b00000| Complete 
|  96|0x0000000087c00000, 0x0000000087d00000, 0x0000000087d00000|100%| E|CS|TAMS 0x0000000087c00000, 0x0000000087c00000| Complete 
|  97|0x0000000087d00000, 0x0000000087e00000, 0x0000000087e00000|100%| E|CS|TAMS 0x0000000087d00000, 0x0000000087d00000| Complete 
|  98|0x0000000087e00000, 0x0000000087f00000, 0x0000000087f00000|100%| E|CS|TAMS 0x0000000087e00000, 0x0000000087e00000| Complete 
|  99|0x0000000087f00000, 0x0000000088000000, 0x0000000088000000|100%| E|CS|TAMS 0x0000000087f00000, 0x0000000087f00000| Complete 
| 100|0x0000000088000000, 0x0000000088100000, 0x0000000088100000|100%| E|CS|TAMS 0x0000000088000000, 0x0000000088000000| Complete 
| 101|0x0000000088100000, 0x0000000088200000, 0x0000000088200000|100%| S|CS|TAMS 0x0000000088100000, 0x0000000088100000| Complete 
| 102|0x0000000088200000, 0x0000000088300000, 0x0000000088300000|100%| S|CS|TAMS 0x0000000088200000, 0x0000000088200000| Complete 
| 103|0x0000000088300000, 0x0000000088400000, 0x0000000088400000|100%| S|CS|TAMS 0x0000000088300000, 0x0000000088300000| Complete 
| 104|0x0000000088400000, 0x0000000088500000, 0x0000000088500000|100%| E|CS|TAMS 0x0000000088400000, 0x0000000088400000| Complete 
| 105|0x0000000088500000, 0x0000000088600000, 0x0000000088600000|100%| E|CS|TAMS 0x0000000088500000, 0x0000000088500000| Complete 
| 106|0x0000000088600000, 0x0000000088700000, 0x0000000088700000|100%| E|CS|TAMS 0x0000000088600000, 0x0000000088600000| Complete 
| 107|0x0000000088700000, 0x0000000088800000, 0x0000000088800000|100%| E|CS|TAMS 0x0000000088700000, 0x0000000088700000| Complete 
| 108|0x0000000088800000, 0x0000000088900000, 0x0000000088900000|100%| E|CS|TAMS 0x0000000088800000, 0x0000000088800000| Complete 
| 109|0x0000000088900000, 0x0000000088a00000, 0x0000000088a00000|100%| E|CS|TAMS 0x0000000088900000, 0x0000000088900000| Complete 
| 110|0x0000000088a00000, 0x0000000088b00000, 0x0000000088b00000|100%| E|CS|TAMS 0x0000000088a00000, 0x0000000088a00000| Complete 
| 111|0x0000000088b00000, 0x0000000088c00000, 0x0000000088c00000|100%| E|CS|TAMS 0x0000000088b00000, 0x0000000088b00000| Complete 
| 112|0x0000000088c00000, 0x0000000088d00000, 0x0000000088d00000|100%| E|CS|TAMS 0x0000000088c00000, 0x0000000088c00000| Complete 
| 113|0x0000000088d00000, 0x0000000088e00000, 0x0000000088e00000|100%| E|CS|TAMS 0x0000000088d00000, 0x0000000088d00000| Complete 
| 114|0x0000000088e00000, 0x0000000088f00000, 0x0000000088f00000|100%| E|CS|TAMS 0x0000000088e00000, 0x0000000088e00000| Complete 
| 115|0x0000000088f00000, 0x0000000089000000, 0x0000000089000000|100%| E|CS|TAMS 0x0000000088f00000, 0x0000000088f00000| Complete 
| 116|0x0000000089000000, 0x0000000089100000, 0x0000000089100000|100%| E|CS|TAMS 0x0000000089000000, 0x0000000089000000| Complete 
| 117|0x0000000089100000, 0x0000000089200000, 0x0000000089200000|100%| E|CS|TAMS 0x0000000089100000, 0x0000000089100000| Complete 
| 118|0x0000000089200000, 0x0000000089300000, 0x0000000089300000|100%| E|CS|TAMS 0x0000000089200000, 0x0000000089200000| Complete 
| 119|0x0000000089300000, 0x0000000089400000, 0x0000000089400000|100%| E|CS|TAMS 0x0000000089300000, 0x0000000089300000| Complete 
| 120|0x0000000089400000, 0x0000000089500000, 0x0000000089500000|100%| E|CS|TAMS 0x0000000089400000, 0x0000000089400000| Complete 
| 121|0x0000000089500000, 0x0000000089600000, 0x0000000089600000|100%| E|CS|TAMS 0x0000000089500000, 0x0000000089500000| Complete 
| 122|0x0000000089600000, 0x0000000089700000, 0x0000000089700000|100%| E|CS|TAMS 0x0000000089600000, 0x0000000089600000| Complete 
| 123|0x0000000089700000, 0x0000000089800000, 0x0000000089800000|100%| E|CS|TAMS 0x0000000089700000, 0x0000000089700000| Complete 
| 124|0x0000000089800000, 0x0000000089900000, 0x0000000089900000|100%| E|CS|TAMS 0x0000000089800000, 0x0000000089800000| Complete 
| 125|0x0000000089900000, 0x0000000089a00000, 0x0000000089a00000|100%| E|CS|TAMS 0x0000000089900000, 0x0000000089900000| Complete 
| 126|0x0000000089a00000, 0x0000000089b00000, 0x0000000089b00000|100%| E|CS|TAMS 0x0000000089a00000, 0x0000000089a00000| Complete 
| 127|0x0000000089b00000, 0x0000000089c00000, 0x0000000089c00000|100%| E|CS|TAMS 0x0000000089b00000, 0x0000000089b00000| Complete 

Card table byte_map: [0x0000020f675e0000,0x0000020f679e0000] _byte_map_base: 0x0000020f671d2000

Marking Bits (Prev, Next): (CMBitMap*) 0x0000020f523b1498, (CMBitMap*) 0x0000020f523b14d0
 Prev Bits: [0x0000020f67de0000, 0x0000020f69d70000)
 Next Bits: [0x0000020f69d70000, 0x0000020f6bd00000)

Polling page: 0x0000020f52440000

Metaspace:

Usage:
  Non-class:     15.47 MB capacity,    15.20 MB ( 98%) used,   240.42 KB (  2%) free+waste,    39.19 KB ( <1%) overhead. 
      Class:      1.99 MB capacity,     1.83 MB ( 92%) used,   145.79 KB (  7%) free+waste,    19.31 KB ( <1%) overhead. 
       Both:     17.46 MB capacity,    17.03 MB ( 98%) used,   386.21 KB (  2%) free+waste,    58.50 KB ( <1%) overhead. 

Virtual space:
  Non-class space:       16.00 MB reserved,      15.50 MB ( 97%) committed 
      Class space:        1.00 GB reserved,       2.00 MB ( <1%) committed 
             Both:        1.02 GB reserved,      17.50 MB (  2%) committed 

Chunk freelists:
   Non-Class:  26.00 KB
       Class:  13.00 KB
        Both:  39.00 KB

MaxMetaspaceSize: 17179869184.00 GB
CompressedClassSpaceSize: 1.00 GB
Initial GC threshold: 20.80 MB
Current GC threshold: 20.80 MB
CDS: off

CodeHeap 'non-profiled nmethods': size=120000Kb used=604Kb max_used=604Kb free=119395Kb
 bounds [0x0000020f5f240000, 0x0000020f5f4b0000, 0x0000020f66770000]
CodeHeap 'profiled nmethods': size=120000Kb used=2849Kb max_used=2849Kb free=117150Kb
 bounds [0x0000020f57d10000, 0x0000020f57fe0000, 0x0000020f5f240000]
CodeHeap 'non-nmethods': size=5760Kb used=1174Kb max_used=1193Kb free=4585Kb
 bounds [0x0000020f57770000, 0x0000020f579e0000, 0x0000020f57d10000]
 total_blobs=1923 nmethods=1482 adapters=354
 compilation: enabled
              stopped_count=0, restarted_count=0
 full_count=0

Compilation events (20 events):
Event: 1.912 Thread 0x0000020f6f08d000 1459       3       java.lang.invoke.Invokers$Holder::linkToTargetMethod (9 bytes)
Event: 1.912 Thread 0x0000020f6f08d000 nmethod 1459 0x0000020f57fcb690 code [0x0000020f57fcb860, 0x0000020f57fcbc18]
Event: 1.913 Thread 0x0000020f6f08d000 1460       3       java.lang.String::valueOf (14 bytes)
Event: 1.913 Thread 0x0000020f6f08d000 nmethod 1460 0x0000020f57fcbd10 code [0x0000020f57fcbee0, 0x0000020f57fcc0e8]
Event: 1.938 Thread 0x0000020f6f08d000 1463       3       java.util.TreeMap::parentOf (13 bytes)
Event: 1.938 Thread 0x0000020f6f08d000 nmethod 1463 0x0000020f57fcc190 code [0x0000020f57fcc340, 0x0000020f57fcc498]
Event: 1.938 Thread 0x0000020f6f08a000 1464       4       java.lang.String::checkBoundsOffCount (61 bytes)
Event: 1.939 Thread 0x0000020f6f08a000 nmethod 1464 0x0000020f5f2d2010 code [0x0000020f5f2d21a0, 0x0000020f5f2d2238]
Event: 1.942 Thread 0x0000020f6f22e800 1465  s!   4       jdk.internal.loader.URLClassPath::getLoader (194 bytes)
Event: 1.949 Thread 0x0000020f6f08d000 1466       3       java.lang.String::<init> (127 bytes)
Event: 1.949 Thread 0x0000020f6f08d000 nmethod 1466 0x0000020f57fcc590 code [0x0000020f57fcc7a0, 0x0000020f57fccca8]
Event: 1.949 Thread 0x0000020f6f08d000 1467       3       java.util.jar.Attributes::putValue (13 bytes)
Event: 1.950 Thread 0x0000020f6f08d000 nmethod 1467 0x0000020f57fcce90 code [0x0000020f57fcd100, 0x0000020f57fcdb48]
Event: 1.950 Thread 0x0000020f6f08d000 1468       3       java.util.jar.Attributes$Name::of (28 bytes)
Event: 1.950 Thread 0x0000020f6f08d000 nmethod 1468 0x0000020f57fcde90 code [0x0000020f57fce0c0, 0x0000020f57fce758]
Event: 1.950 Thread 0x0000020f6f08d000 1469       3       java.util.jar.Attributes::put (18 bytes)
Event: 1.951 Thread 0x0000020f6f08d000 nmethod 1469 0x0000020f57fcea10 code [0x0000020f57fcebe0, 0x0000020f57fcef68]
Event: 1.958 Thread 0x0000020f6f08a000 1470       4       java.lang.String::substring (58 bytes)
Event: 1.965 Thread 0x0000020f6f08a000 nmethod 1470 0x0000020f5f2d2310 code [0x0000020f5f2d24c0, 0x0000020f5f2d29c8]
Event: 1.986 Thread 0x0000020f6f08a000 1471       4       java.io.WinNTFileSystem::normalize (143 bytes)

GC Heap History (2 events):
Event: 0.934 GC heap before
{Heap before GC invocations=0 (full 0):
 garbage-first heap   total 131072K, used 23552K [0x0000000081c00000, 0x0000000100000000)
  region size 1024K, 24 young (24576K), 0 survivors (0K)
 Metaspace       used 9921K, capacity 10080K, committed 10240K, reserved 1058816K
  class space    used 932K, capacity 999K, committed 1024K, reserved 1048576K
}
Event: 0.939 GC heap after
{Heap after GC invocations=1 (full 0):
 garbage-first heap   total 131072K, used 4754K [0x0000000081c00000, 0x0000000100000000)
  region size 1024K, 3 young (3072K), 3 survivors (3072K)
 Metaspace       used 9921K, capacity 10080K, committed 10240K, reserved 1058816K
  class space    used 932K, capacity 999K, committed 1024K, reserved 1048576K
}

Deoptimization events (20 events):
Event: 1.678 Thread 0x0000020f52372000 DEOPT PACKING pc=0x0000020f5f2aa6d4 sp=0x0000006a2b3fe820
Event: 1.678 Thread 0x0000020f52372000 DEOPT UNPACKING pc=0x0000020f577ba1af sp=0x0000006a2b3fe7a0 mode 2
Event: 1.690 Thread 0x0000020f52372000 Uncommon trap: trap_request=0xffffffde fr.pc=0x0000020f5f2aa6ac relative=0x000000000000078c
Event: 1.690 Thread 0x0000020f52372000 Uncommon trap: reason=class_check action=maybe_recompile pc=0x0000020f5f2aa6ac method=java.util.HashMap.putVal(ILjava/lang/Object;Ljava/lang/Object;ZZ)Ljava/lang/Object; @ 203 c2
Event: 1.690 Thread 0x0000020f52372000 DEOPT PACKING pc=0x0000020f5f2aa6ac sp=0x0000006a2b3fc510
Event: 1.690 Thread 0x0000020f52372000 DEOPT UNPACKING pc=0x0000020f577ba1af sp=0x0000006a2b3fc490 mode 2
Event: 1.695 Thread 0x0000020f52372000 Uncommon trap: trap_request=0xffffffde fr.pc=0x0000020f5f2aa6ac relative=0x000000000000078c
Event: 1.695 Thread 0x0000020f52372000 Uncommon trap: reason=class_check action=maybe_recompile pc=0x0000020f5f2aa6ac method=java.util.HashMap.putVal(ILjava/lang/Object;Ljava/lang/Object;ZZ)Ljava/lang/Object; @ 203 c2
Event: 1.695 Thread 0x0000020f52372000 DEOPT PACKING pc=0x0000020f5f2aa6ac sp=0x0000006a2b3fc4d0
Event: 1.695 Thread 0x0000020f52372000 DEOPT UNPACKING pc=0x0000020f577ba1af sp=0x0000006a2b3fc450 mode 2
Event: 1.800 Thread 0x0000020f52372000 Uncommon trap: trap_request=0xffffff4d fr.pc=0x0000020f5f27d840 relative=0x00000000000000a0
Event: 1.800 Thread 0x0000020f52372000 Uncommon trap: reason=unstable_if action=reinterpret pc=0x0000020f5f27d840 method=java.lang.Integer.stringSize(I)I @ 3 c2
Event: 1.800 Thread 0x0000020f52372000 DEOPT PACKING pc=0x0000020f5f27d840 sp=0x0000006a2b3fe4f0
Event: 1.800 Thread 0x0000020f52372000 DEOPT UNPACKING pc=0x0000020f577ba1af sp=0x0000006a2b3fe470 mode 2
Event: 1.847 Thread 0x0000020f52372000 DEOPT PACKING pc=0x0000020f57f4b868 sp=0x0000006a2b3fc990
Event: 1.847 Thread 0x0000020f52372000 DEOPT UNPACKING pc=0x0000020f577ba95e sp=0x0000006a2b3fbe98 mode 0
Event: 1.922 Thread 0x0000020f52372000 DEOPT PACKING pc=0x0000020f57f4b868 sp=0x0000006a2b3fb400
Event: 1.922 Thread 0x0000020f52372000 DEOPT UNPACKING pc=0x0000020f577ba95e sp=0x0000006a2b3fa908 mode 0
Event: 1.986 Thread 0x0000020f52372000 DEOPT PACKING pc=0x0000020f57f4b868 sp=0x0000006a2b3fd0a0
Event: 1.986 Thread 0x0000020f52372000 DEOPT UNPACKING pc=0x0000020f577ba95e sp=0x0000006a2b3fc5a8 mode 0

Classes redefined (0 events):
No events

Internal exceptions (20 events):
Event: 0.774 Thread 0x0000020f52372000 Exception <a 'java/lang/NoSuchMethodError'{0x0000000088dac838}: 'java.lang.Object java.lang.invoke.DirectMethodHandle$Holder.invokeStatic(java.lang.Object, java.lang.Object, java.lang.Object, java.lang.Object, java.lang.Object, java.lang.Object, java.lang.Object, java.lang.Object, java.lang.Object, java.lang.Object, java.lang.Object, java.lang.Object, java.lang.Object, java.lang.Object, java.lang.Object, java.lang.Object)'> (0x0000000088dac838) thrown at [./src/hotspot/share/interpreter/linkResolver.cpp, l
Event: 0.775 Thread 0x0000020f52372000 Exception <a 'java/lang/NoSuchMethodError'{0x0000000088dbb9b0}: 'java.lang.Object java.lang.invoke.DirectMethodHandle$Holder.invokeSpecial(java.lang.Object, java.lang.Object, int, int, java.lang.Object, java.lang.Object, java.lang.Object)'> (0x0000000088dbb9b0) thrown at [./src/hotspot/share/interpreter/linkResolver.cpp, line 773]
Event: 0.775 Thread 0x0000020f52372000 Exception <a 'java/lang/NoSuchMethodError'{0x0000000088dbef40}: 'java.lang.Object java.lang.invoke.DelegatingMethodHandle$Holder.reinvoke_L(java.lang.Object, int, int, java.lang.Object, java.lang.Object, java.lang.Object)'> (0x0000000088dbef40) thrown at [./src/hotspot/share/interpreter/linkResolver.cpp, line 773]
Event: 0.776 Thread 0x0000020f52372000 Exception <a 'java/lang/NoSuchMethodError'{0x0000000088dc33c0}: 'java.lang.Object java.lang.invoke.DirectMethodHandle$Holder.invokeStatic(java.lang.Object, java.lang.Object, java.lang.Object, java.lang.Object, int)'> (0x0000000088dc33c0) thrown at [./src/hotspot/share/interpreter/linkResolver.cpp, line 773]
Event: 1.209 Thread 0x0000020f52372000 Exception <a 'java/lang/NoSuchMethodError'{0x0000000089040140}: 'int java.lang.invoke.DirectMethodHandle$Holder.invokeStaticInit(java.lang.Object, java.lang.Object)'> (0x0000000089040140) thrown at [./src/hotspot/share/interpreter/linkResolver.cpp, line 773]
Event: 1.327 Thread 0x0000020f52372000 Exception <a 'java/lang/NoSuchMethodError'{0x0000000088b77bc0}: 'org.slf4j.impl.StaticMDCBinder org.slf4j.impl.StaticMDCBinder.getSingleton()'> (0x0000000088b77bc0) thrown at [./src/hotspot/share/interpreter/linkResolver.cpp, line 773]
Event: 1.385 Thread 0x0000020f52372000 Exception <a 'java/lang/NoSuchMethodError'{0x000000008897a6b8}: 'java.lang.Object java.lang.invoke.DirectMethodHandle$Holder.invokeStaticInit(java.lang.Object, int, int, int, int)'> (0x000000008897a6b8) thrown at [./src/hotspot/share/interpreter/linkResolver.cpp, line 773]
Event: 1.610 Thread 0x0000020f52372000 Exception <a 'java/lang/NoSuchMethodError'{0x0000000088807800}: 'java.lang.Object java.lang.invoke.DirectMethodHandle$Holder.invokeStaticInit(java.lang.Object, java.lang.Object, int, int, int, int)'> (0x0000000088807800) thrown at [./src/hotspot/share/interpreter/linkResolver.cpp, line 773]
Event: 1.640 Thread 0x0000020f52372000 Exception <a 'java/lang/NoSuchMethodError'{0x00000000887a6cd0}: 'int java.lang.invoke.DirectMethodHandle$Holder.invokeInterface(java.lang.Object, java.lang.Object)'> (0x00000000887a6cd0) thrown at [./src/hotspot/share/interpreter/linkResolver.cpp, line 773]
Event: 1.648 Thread 0x0000020f52372000 Exception <a 'java/lang/NoSuchMethodError'{0x00000000886059f0}: 'int java.lang.invoke.DirectMethodHandle$Holder.invokeVirtual(java.lang.Object, java.lang.Object)'> (0x00000000886059f0) thrown at [./src/hotspot/share/interpreter/linkResolver.cpp, line 773]
Event: 1.662 Thread 0x0000020f52372000 Exception <a 'java/lang/NoSuchMethodError'{0x000000008851c2d8}: 'int java.lang.invoke.DirectMethodHandle$Holder.invokeStaticInit(java.lang.Object, java.lang.Object, java.lang.Object)'> (0x000000008851c2d8) thrown at [./src/hotspot/share/interpreter/linkResolver.cpp, line 773]
Event: 1.707 Thread 0x0000020f52372000 Exception <a 'java/lang/NoSuchMethodError'{0x00000000880338a8}: 'java.lang.Object java.lang.invoke.DirectMethodHandle$Holder.invokeSpecial(java.lang.Object, java.lang.Object, java.lang.Object, java.lang.Object, java.lang.Object, java.lang.Object, java.lang.Object, java.lang.Object, java.lang.Object, java.lang.Object)'> (0x00000000880338a8) thrown at [./src/hotspot/share/interpreter/linkResolver.cpp, line 773]
Event: 1.708 Thread 0x0000020f52372000 Exception <a 'java/lang/NoSuchMethodError'{0x000000008803de38}: 'java.lang.Object java.lang.invoke.Invokers$Holder.linkToTargetMethod(java.lang.Object, java.lang.Object, java.lang.Object, java.lang.Object, java.lang.Object, java.lang.Object, java.lang.Object, java.lang.Object, java.lang.Object)'> (0x000000008803de38) thrown at [./src/hotspot/share/interpreter/linkResolver.cpp, line 773]
Event: 1.724 Thread 0x0000020f52372000 Exception <a 'java/lang/NoSuchMethodError'{0x00000000880a4998}: 'java.lang.Object java.lang.invoke.Invokers$Holder.linkToTargetMethod(java.lang.Object, java.lang.Object, java.lang.Object, java.lang.Object, java.lang.Object, java.lang.Object, java.lang.Object)'> (0x00000000880a4998) thrown at [./src/hotspot/share/interpreter/linkResolver.cpp, line 773]
Event: 1.758 Thread 0x0000020f52372000 Exception <a 'java/lang/IncompatibleClassChangeError'{0x0000000087ffbfb8}: Found class java.lang.Object, but interface was expected> (0x0000000087ffbfb8) thrown at [./src/hotspot/share/interpreter/linkResolver.cpp, line 839]
Event: 1.797 Thread 0x0000020f52372000 Exception <a 'java/lang/NoSuchMethodError'{0x0000000087ef4088}: 'java.lang.Object java.lang.invoke.DirectMethodHandle$Holder.invokeStatic(java.lang.Object, int, java.lang.Object)'> (0x0000000087ef4088) thrown at [./src/hotspot/share/interpreter/linkResolver.cpp, line 773]
Event: 1.805 Thread 0x0000020f52372000 Exception <a 'java/lang/NoSuchMethodError'{0x0000000087d12f70}: 'java.lang.Object java.lang.invoke.DirectMethodHandle$Holder.newInvokeSpecial(java.lang.Object, java.lang.Object, java.lang.Object)'> (0x0000000087d12f70) thrown at [./src/hotspot/share/interpreter/linkResolver.cpp, line 773]
Event: 1.812 Thread 0x0000020f52372000 Exception <a 'java/lang/NoSuchMethodError'{0x0000000087d2f4a8}: 'java.lang.Object java.lang.invoke.DirectMethodHandle$Holder.invokeStatic(java.lang.Object, java.lang.Object, java.lang.Object, int, java.lang.Object, java.lang.Object)'> (0x0000000087d2f4a8) thrown at [./src/hotspot/share/interpreter/linkResolver.cpp, line 773]
Event: 1.813 Thread 0x0000020f52372000 Exception <a 'java/lang/NoSuchMethodError'{0x0000000087d37088}: 'java.lang.Object java.lang.invoke.DirectMethodHandle$Holder.invokeStatic(java.lang.Object, java.lang.Object, java.lang.Object, int, java.lang.Object)'> (0x0000000087d37088) thrown at [./src/hotspot/share/interpreter/linkResolver.cpp, line 773]
Event: 1.814 Thread 0x0000020f52372000 Exception <a 'java/lang/NoSuchMethodError'{0x0000000087d3ddc0}: 'java.lang.Object java.lang.invoke.Invokers$Holder.linkToTargetMethod(java.lang.Object, java.lang.Object, int, java.lang.Object, java.lang.Object)'> (0x0000000087d3ddc0) thrown at [./src/hotspot/share/interpreter/linkResolver.cpp, line 773]

Events (20 events):
Event: 1.999 loading class com/google/common/collect/SortedMapDifference
Event: 1.999 loading class com/google/common/collect/SortedMapDifference done
Event: 2.000 loading class com/google/common/collect/MapDifference
Event: 2.000 loading class com/google/common/collect/MapDifference done
Event: 2.000 loading class com/google/common/base/Function
Event: 2.000 loading class com/google/common/base/Function done
Event: 2.001 loading class com/google/common/base/Converter
Event: 2.001 loading class com/google/common/base/Converter done
Event: 2.002 loading class com/google/common/collect/Maps$BiMapConverter
Event: 2.002 loading class com/google/common/collect/Maps$BiMapConverter done
Event: 2.002 loading class com/google/common/collect/ImmutableEnumMap
Event: 2.002 loading class com/google/common/collect/ImmutableEnumMap done
Event: 2.003 loading class com/google/common/collect/Maps$EntryTransformer
Event: 2.003 loading class com/google/common/collect/Maps$EntryTransformer done
Event: 2.003 loading class com/google/common/collect/Maps$8
Event: 2.003 loading class com/google/common/collect/Maps$8 done
Event: 2.004 loading class org/openqa/selenium/chromium/AddHasNetworkConditions
Event: 2.004 loading class org/openqa/selenium/chromium/AddHasNetworkConditions done
Event: 2.005 loading class org/openqa/selenium/chromium/AddHasPermissions
Event: 2.005 loading class org/openqa/selenium/chromium/AddHasPermissions done


Dynamic libraries:
0x00007ff729970000 - 0x00007ff72997a000 	C:\Program Files\JetBrains\IntelliJ IDEA Community Edition 2021.1\jbr\bin\java.exe
0x00007ffd074e0000 - 0x00007ffd076e9000 	C:\WINDOWS\SYSTEM32\ntdll.dll
0x00007ffd06440000 - 0x00007ffd064fd000 	C:\WINDOWS\System32\KERNEL32.DLL
0x00007ffd049d0000 - 0x00007ffd04d44000 	C:\WINDOWS\System32\KERNELBASE.dll
0x00007ffd04d80000 - 0x00007ffd04e91000 	C:\WINDOWS\System32\ucrtbase.dll
0x00007ffcf3bf0000 - 0x00007ffcf3c07000 	C:\Program Files\JetBrains\IntelliJ IDEA Community Edition 2021.1\jbr\bin\VCRUNTIME140.dll
0x00007ffcf37c0000 - 0x00007ffcf37d9000 	C:\Program Files\JetBrains\IntelliJ IDEA Community Edition 2021.1\jbr\bin\jli.dll
0x00007ffd06550000 - 0x00007ffd066fc000 	C:\WINDOWS\System32\USER32.dll
0x00007ffd03bf0000 - 0x00007ffd03e95000 	C:\WINDOWS\WinSxS\amd64_microsoft.windows.common-controls_6595b64144ccf1df_6.0.22000.120_none_9d947278b86cc467\COMCTL32.dll
0x00007ffd04d50000 - 0x00007ffd04d76000 	C:\WINDOWS\System32\win32u.dll
0x00007ffd06390000 - 0x00007ffd06433000 	C:\WINDOWS\System32\msvcrt.dll
0x00007ffd06500000 - 0x00007ffd06529000 	C:\WINDOWS\System32\GDI32.dll
0x00007ffd05000000 - 0x00007ffd05112000 	C:\WINDOWS\System32\gdi32full.dll
0x00007ffd04ea0000 - 0x00007ffd04f3d000 	C:\WINDOWS\System32\msvcp_win.dll
0x00007ffd06c80000 - 0x00007ffd06cb1000 	C:\WINDOWS\System32\IMM32.DLL
0x00007ffcf2640000 - 0x00007ffcf26dd000 	C:\Program Files\JetBrains\IntelliJ IDEA Community Edition 2021.1\jbr\bin\msvcp140.dll
0x00007ffccceb0000 - 0x00007ffccda25000 	C:\Program Files\JetBrains\IntelliJ IDEA Community Edition 2021.1\jbr\bin\server\jvm.dll
0x00007ffd06b70000 - 0x00007ffd06c1e000 	C:\WINDOWS\System32\ADVAPI32.dll
0x00007ffd05f30000 - 0x00007ffd05fce000 	C:\WINDOWS\System32\sechost.dll
0x00007ffd06cc0000 - 0x00007ffd06de0000 	C:\WINDOWS\System32\RPCRT4.dll
0x00007ffd07350000 - 0x00007ffd07358000 	C:\WINDOWS\System32\PSAPI.DLL
0x00007ffce4940000 - 0x00007ffce4949000 	C:\WINDOWS\SYSTEM32\WSOCK32.dll
0x00007ffd07250000 - 0x00007ffd072bf000 	C:\WINDOWS\System32\WS2_32.dll
0x00007ffcfe0c0000 - 0x00007ffcfe0f3000 	C:\WINDOWS\SYSTEM32\WINMM.dll
0x00007ffcfb5f0000 - 0x00007ffcfb5fa000 	C:\WINDOWS\SYSTEM32\VERSION.dll
0x00007ffd02bd0000 - 0x00007ffd02be8000 	C:\WINDOWS\SYSTEM32\kernel.appcore.dll
0x00007ffd00db0000 - 0x00007ffd00dc1000 	C:\Program Files\JetBrains\IntelliJ IDEA Community Edition 2021.1\jbr\bin\verify.dll
0x00007ffd04320000 - 0x00007ffd04541000 	C:\WINDOWS\SYSTEM32\DBGHELP.DLL
0x00007ffd04060000 - 0x00007ffd04091000 	C:\WINDOWS\SYSTEM32\dbgcore.DLL
0x00007ffd05300000 - 0x00007ffd0537f000 	C:\WINDOWS\System32\bcryptPrimitives.dll
0x00007ffd000b0000 - 0x00007ffd000d9000 	C:\Program Files\JetBrains\IntelliJ IDEA Community Edition 2021.1\jbr\bin\java.dll
0x00007ffd000f0000 - 0x00007ffd000fb000 	C:\Program Files\JetBrains\IntelliJ IDEA Community Edition 2021.1\jbr\bin\jimage.dll
0x00007ffd00070000 - 0x00007ffd0007f000 	C:\Program Files\JetBrains\IntelliJ IDEA Community Edition 2021.1\jbr\bin\instrument.dll
0x00007ffd00040000 - 0x00007ffd00058000 	C:\Program Files\JetBrains\IntelliJ IDEA Community Edition 2021.1\jbr\bin\zip.dll
0x00007ffd05380000 - 0x00007ffd05b2e000 	C:\WINDOWS\System32\SHELL32.dll
0x00007ffd01c40000 - 0x00007ffd024a7000 	C:\WINDOWS\SYSTEM32\windows.storage.dll
0x00007ffd06700000 - 0x00007ffd06a78000 	C:\WINDOWS\System32\combase.dll
0x00007ffd01ad0000 - 0x00007ffd01c36000 	C:\WINDOWS\SYSTEM32\wintypes.dll
0x00007ffd060e0000 - 0x00007ffd061ca000 	C:\WINDOWS\System32\SHCORE.dll
0x00007ffd06080000 - 0x00007ffd060dd000 	C:\WINDOWS\System32\shlwapi.dll
0x00007ffd04900000 - 0x00007ffd04921000 	C:\WINDOWS\SYSTEM32\profapi.dll
0x00007ffd00020000 - 0x00007ffd0003a000 	C:\Program Files\JetBrains\IntelliJ IDEA Community Edition 2021.1\jbr\bin\net.dll
0x00007ffcfd120000 - 0x00007ffcfd22c000 	C:\WINDOWS\SYSTEM32\WINHTTP.dll
0x00007ffd03190000 - 0x00007ffd031f7000 	C:\WINDOWS\system32\mswsock.dll
0x00007ffd00000000 - 0x00007ffd00014000 	C:\Program Files\JetBrains\IntelliJ IDEA Community Edition 2021.1\jbr\bin\nio.dll
0x00007ffcf0780000 - 0x00007ffcf079a000 	C:\Program Files\JetBrains\IntelliJ IDEA Community Edition 2021.1\bin\breakgen64.dll
0x00007ffd04680000 - 0x00007ffd04698000 	C:\WINDOWS\SYSTEM32\CRYPTSP.dll
0x00007ffd02b30000 - 0x00007ffd02b65000 	C:\WINDOWS\system32\rsaenh.dll
0x00007ffd03980000 - 0x00007ffd039a9000 	C:\WINDOWS\SYSTEM32\USERENV.dll
0x00007ffd042b0000 - 0x00007ffd042d7000 	C:\WINDOWS\SYSTEM32\bcrypt.dll
0x00007ffd039b0000 - 0x00007ffd039bc000 	C:\WINDOWS\SYSTEM32\CRYPTBASE.dll
0x00007ffd02700000 - 0x00007ffd0272d000 	C:\WINDOWS\SYSTEM32\IPHLPAPI.DLL
0x00007ffd07360000 - 0x00007ffd07369000 	C:\WINDOWS\System32\NSI.dll
0x00007ffcfcd50000 - 0x00007ffcfcd69000 	C:\WINDOWS\SYSTEM32\dhcpcsvc6.DLL
0x00007ffcfd8f0000 - 0x00007ffcfd90e000 	C:\WINDOWS\SYSTEM32\dhcpcsvc.DLL
0x00007ffd02730000 - 0x00007ffd02817000 	C:\WINDOWS\SYSTEM32\DNSAPI.dll
0x00007ffcfb150000 - 0x00007ffcfb15a000 	C:\Windows\System32\rasadhlp.dll
0x00007ffcfb340000 - 0x00007ffcfb3c1000 	C:\WINDOWS\System32\fwpuclnt.dll

dbghelp: loaded successfully - version: 4.0.5 - missing functions: none
symbol engine: initialized successfully - sym options: 0x614 - pdb path: .;C:\Program Files\JetBrains\IntelliJ IDEA Community Edition 2021.1\jbr\bin;C:\WINDOWS\SYSTEM32;C:\WINDOWS\WinSxS\amd64_microsoft.windows.common-controls_6595b64144ccf1df_6.0.22000.120_none_9d947278b86cc467;C:\Program Files\JetBrains\IntelliJ IDEA Community Edition 2021.1\jbr\bin\server;C:\Program Files\JetBrains\IntelliJ IDEA Community Edition 2021.1\bin

VM Arguments:
jvm_args: -ea -Didea.test.cyclic.buffer.size=1048576 -javaagent:C:\Program Files\JetBrains\IntelliJ IDEA Community Edition 2021.1\lib\idea_rt.jar=62393:C:\Program Files\JetBrains\IntelliJ IDEA Community Edition 2021.1\bin -Dfile.encoding=UTF-8 
java_command: com.intellij.rt.testng.RemoteTestNGStarter -usedefaultlisteners false -socket62392 @w@C:\Users\avrah\AppData\Local\Temp\idea_working_dirs_testng.tmp -temp C:\Users\avrah\AppData\Local\Temp\idea_testng.tmp
java_class_path (initial): C:\Program Files\JetBrains\IntelliJ IDEA Community Edition 2021.1\lib\idea_rt.jar;C:\Program Files\JetBrains\IntelliJ IDEA Community Edition 2021.1\plugins\testng\lib\testng-rt.jar;C:\Users\avrah\Desktop\Itolium\itolium-app_QA-TESTING\target\test-classes;C:\Users\avrah\Desktop\Itolium\itolium-app_QA-TESTING\target\classes;C:\Users\avrah\.m2\repository\org\seleniumhq\selenium\selenium-java\4.1.2\selenium-java-4.1.2.jar;C:\Users\avrah\.m2\repository\org\seleniumhq\selenium\selenium-api\4.1.2\selenium-api-4.1.2.jar;C:\Users\avrah\.m2\repository\org\seleniumhq\selenium\selenium-chrome-driver\4.1.2\selenium-chrome-driver-4.1.2.jar;C:\Users\avrah\.m2\repository\com\google\auto\service\auto-service-annotations\1.0.1\auto-service-annotations-1.0.1.jar;C:\Users\avrah\.m2\repository\com\google\auto\service\auto-service\1.0.1\auto-service-1.0.1.jar;C:\Users\avrah\.m2\repository\com\google\auto\auto-common\1.2\auto-common-1.2.jar;C:\Users\avrah\.m2\repository\com\google\guava\guava\31.0.1-jre\guava-31.0.1-jre.jar;C:\Users\avrah\.m2\repository\com\google\guava\failureaccess\1.0.1\failureaccess-1.0.1.jar;C:\Users\avrah\.m2\repository\com\google\guava\listenablefuture\9999.0-empty-to-avoid-conflict-with-guava\listenablefuture-9999.0-empty-to-avoid-conflict-with-guava.jar;C:\Users\avrah\.m2\repository\org\checkerframework\checker-qual\3.12.0\checker-qual-3.12.0.jar;C:\Users\avrah\.m2\repository\com\google\errorprone\error_prone_annotations\2.7.1\error_prone_annotations-2.7.1.jar;C:\Users\avrah\.m2\repository\com\google\j2objc\j2objc-annotations\1.3\j2objc-annotations-1.3.jar;C:\Users\avrah\.m2\repository\org\seleniumhq\selenium\selenium-chromium-driver\4.1.2\selenium-chromium-driver-4.1.2.jar;C:\Users\avrah\.m2\repository\org\seleniumhq\selenium\selenium-json\4.1.2\selenium-json-4.1.2.jar;C:\Users\avrah\.m2\repository\org\seleniumhq\selenium\selenium-devtools-v85\4.1.2\selenium-devtools-v85-4.1.2.jar;C:\Users\avrah\.m2\repository\org\seleniumhq\selenium
Launcher Type: SUN_STANDARD

[Global flags]
     intx CICompilerCount                          = 4                                         {product} {ergonomic}
     uint ConcGCThreads                            = 2                                         {product} {ergonomic}
     uint G1ConcRefinementThreads                  = 8                                         {product} {ergonomic}
   size_t G1HeapRegionSize                         = 1048576                                   {product} {ergonomic}
    uintx GCDrainStackTargetSize                   = 64                                        {product} {ergonomic}
   size_t InitialHeapSize                          = 134217728                                 {product} {ergonomic}
   size_t MarkStackSize                            = 4194304                                   {product} {ergonomic}
   size_t MaxHeapSize                              = 2118123520                                {product} {ergonomic}
   size_t MaxNewSize                               = 1270874112                                {product} {ergonomic}
   size_t MinHeapDeltaBytes                        = 1048576                                   {product} {ergonomic}
    uintx NonNMethodCodeHeapSize                   = 5836300                                {pd product} {ergonomic}
    uintx NonProfiledCodeHeapSize                  = 122910970                              {pd product} {ergonomic}
    uintx ProfiledCodeHeapSize                     = 122910970                              {pd product} {ergonomic}
    uintx ReservedCodeCacheSize                    = 251658240                              {pd product} {ergonomic}
     bool SegmentedCodeCache                       = true                                      {product} {ergonomic}
     bool UseCompressedClassPointers               = true                                 {lp64_product} {ergonomic}
     bool UseCompressedOops                        = true                                 {lp64_product} {ergonomic}
     bool UseG1GC                                  = true                                      {product} {ergonomic}
     bool UseLargePagesIndividualAllocation        = false                                  {pd product} {ergonomic}

Logging:
Log output configuration:
 #0: stdout all=warning uptime,level,tags
 #1: stderr all=off uptime,level,tags

Environment Variables:
JAVA_HOME=C:\Program Files\Java\jdk-11.0.14
PATH=C:\Program Files\Common Files\Oracle\Java\javapath;C:\Program Files\Java\jdk-11.0.14\bin;C:\Tools;C:\WINDOWS\system32;C:\WINDOWS;C:\WINDOWS\System32\Wbem;C:\WINDOWS\System32\WindowsPowerShell\v1.0\;C:\WINDOWS\System32\OpenSSH\;C:\Program Files\Git\cmd;C:\Program Files\Java\jdk-11.0.10;C:\Program Files\nodejs\;C:\Users\avrah\AppData\Local\Android\Sdk\emulator;C:\xampp\mysql\bin;C:\Users\avrah\AppData\Local\Android\Sdk\tools;C:\Users\avrah\AppData\Local\Android\Sdk\platform-tools;C:\Users\avrah\AppData\Local\Android\Sdk\tools\bin;C:\Program Files\Java\jdk-11.0.14;C:\Tools\gradle-7.3.3\bin;C:\Tools\apache-maven-3.8.4\bin;C:\Users\avrah\AppData\Local\Microsoft\WindowsApps;C:\Users\avrah\AppData\Roaming\npm;C:\Users\avrah\AppData\Local\GitHubDesktop\bin;C:\Program Files\Java\jdk-11.0.10\bin;C:\Tools\gradle-6.7.1\bin;C:\xampp\mysql\bin;%USERPROFILE%\AppData\Local\Microsoft\WindowsApps;
USERNAME=avrah
OS=Windows_NT
PROCESSOR_IDENTIFIER=Intel64 Family 6 Model 142 Stepping 10, GenuineIntel



---------------  S Y S T E M  ---------------

OS: Windows 10 , 64 bit Build 22000 (10.0.22000.434)
OS uptime: 1 days 0:56 hours

CPU:total 8 (initial active 8) (4 cores per cpu, 2 threads per core) family 6 model 142 stepping 10 microcode 0xe0, cmov, cx8, fxsr, mmx, sse, sse2, sse3, ssse3, sse4.1, sse4.2, popcnt, avx, avx2, aes, clmul, erms, 3dnowpref, lzcnt, ht, tsc, tscinvbit, bmi1, bmi2, adx, fma

Memory: 4k page, system-wide physical 8076M (358M free)
TotalPageFile size 32652M (AvailPageFile size 10M)
current process WorkingSet (physical memory assigned to process): 114M, peak: 114M
current process commit charge ("private bytes"): 238M, peak: 238M

vm_info: OpenJDK 64-Bit Server VM (11.0.13+8-b1504.49) for windows-amd64 JRE (11.0.13+8-b1504.49), built on Nov  5 2021 09:56:39 by "" with MS VC++ 14.0 (VS2015)

END.
